2025-07-20 22:43:56,577 - INFO - === COVID-19 Data Scraper Started ===
2025-07-20 22:43:56,578 - WARNING - Config file config/settings.yaml not found, using defaults
2025-07-20 22:43:56,579 - INFO - Scraping main time-series dataset...
2025-07-20 22:43:56,579 - INFO - Starting to scrape main dataset from https://covid.ourworldindata.org/data/owid-covid-data.csv
2025-07-20 22:46:10,567 - INFO - Successfully scraped 429435 rows and 67 columns
2025-07-20 22:46:10,567 - INFO - Validating dataset...
2025-07-20 22:46:10,678 - INFO - Dataset validation passed:
2025-07-20 22:46:10,678 - INFO -   - Rows: 429,435
2025-07-20 22:46:10,679 - INFO -   - Columns: 67
2025-07-20 22:46:10,712 - INFO -   - Date range: 2020-01-01 to 2024-08-14
2025-07-20 22:46:10,727 - INFO -   - Countries: 255
2025-07-20 22:46:10,806 - INFO -   - Missing values: 14,586,938
2025-07-20 22:46:19,354 - INFO - Raw data saved to data/raw/owid_covid_data_20250720_224610.csv
2025-07-20 22:46:28,048 - INFO - Latest data saved to data/raw/owid_covid_data_latest.csv
2025-07-20 22:46:28,054 - INFO - Scraping latest snapshot...
2025-07-20 22:46:28,056 - INFO - Scraping latest data from https://covid.ourworldindata.org/data/latest/owid-covid-latest.csv
2025-07-20 22:46:29,402 - INFO - Successfully scraped latest data: 247 countries
2025-07-20 22:46:29,410 - INFO - Latest snapshot saved to data/raw/owid_covid_latest_20250720_224629.csv
2025-07-20 22:46:29,637 - INFO - Metadata saved to data/processed/dataset_metadata.json
2025-07-20 22:46:29,753 - INFO - Column information saved to data/processed/column_info.json
2025-07-20 22:46:29,934 - INFO - === Scraping Summary ===
2025-07-20 22:46:29,934 - INFO - Total records: 429,435
2025-07-20 22:46:29,934 - INFO - Countries: 255
2025-07-20 22:46:29,935 - INFO - Date range: 2020-01-01 to 2024-08-14
2025-07-20 22:46:29,935 - INFO - Global cases: 3,288,119,237
2025-07-20 22:46:29,935 - INFO - Global deaths: 29,487,750
2025-07-20 22:46:29,935 - INFO - === COVID-19 Data Scraper Completed Successfully ===
2025-07-22 22:00:44,558 - INFO - === COVID-19 Data Scraper Started ===
2025-07-22 22:00:44,559 - WARNING - Config file config/settings.yaml not found, using defaults
2025-07-22 22:00:44,560 - INFO - Scraping main time-series dataset...
2025-07-22 22:00:44,560 - INFO - Starting to scrape main dataset from https://covid.ourworldindata.org/data/owid-covid-data.csv
2025-07-22 22:00:44,721 - ERROR - Error downloading data: HTTPSConnectionPool(host='covid.ourworldindata.org', port=443): Max retries exceeded with url: /data/owid-covid-data.csv (Caused by NameResolutionError("<urllib3.connection.HTTPSConnection object at 0x0000026E458E9010>: Failed to resolve 'covid.ourworldindata.org' ([Errno 11001] getaddrinfo failed)"))
2025-07-22 22:00:44,722 - ERROR - Scraper failed: HTTPSConnectionPool(host='covid.ourworldindata.org', port=443): Max retries exceeded with url: /data/owid-covid-data.csv (Caused by NameResolutionError("<urllib3.connection.HTTPSConnection object at 0x0000026E458E9010>: Failed to resolve 'covid.ourworldindata.org' ([Errno 11001] getaddrinfo failed)"))
